[2018-01-01T19:32:48-0200]: Please choose a world to open.
[2018-01-01T19:32:59-0200]: Please choose a world to open.
[2018-01-03T16:48:26-0200]: Please choose a world to open.
[2018-01-03T16:48:55-0200]: Please choose a world to open.
[2018-01-03T16:49:16-0200]: Please choose a world to open.
[2018-01-03T16:53:21-0200]: Please choose a world to open.
[2018-01-03T16:54:18-0200]: Please choose a world to open.
[2018-01-03T16:54:56-0200]: Please choose a world to open.
[2018-01-03T16:55:05-0200]: Please choose a world to open.
[2018-01-03T16:55:29-0200]: Please choose a world to open.
[2018-01-03T16:55:47-0200]: Please choose a world to open.
[2018-01-03T16:56:30-0200]: Please choose a world to open.
[2018-01-03T16:57:40-0200]: Please choose a world to open.
[2018-01-03T16:58:02-0200]: Please choose a world to open.
[2018-01-03T16:58:19-0200]: Please choose a world to open.
[2018-01-03T16:58:39-0200]: Please choose a world to open.
[2018-01-03T17:00:07-0200]: Please choose a world to open.
[2018-01-03T17:00:21-0200]: Please choose a world to open.
[2018-01-03T17:01:15-0200]: Please choose a world to open.
[2018-01-03T17:01:26-0200]: Please choose a world to open.
[2018-01-03T17:01:34-0200]: Please choose a world to open.
[2018-01-03T17:02:13-0200]: Please choose a world to open.
[2018-01-03T17:02:29-0200]: Please choose a world to open.
[2018-01-03T17:02:53-0200]: Please choose a world to open.
[2018-01-03T17:03:16-0200]: Please choose a world to open.
[2018-01-03T17:03:30-0200]: Please choose a world to open.
[2018-01-03T17:03:56-0200]: Please choose a world to open.
[2018-01-03T17:04:16-0200]: Please choose a world to open.
[2018-01-03T17:04:22-0200]: Please choose a world to open.
[2018-01-03T17:07:15-0200]: Please choose a world to open.
[2018-01-03T17:07:32-0200]: Please choose a world to open.
[2018-01-03T17:07:54-0200]: Please choose a world to open.
[2018-01-03T17:08:35-0200]: Please choose a world to open.
[2018-01-03T17:08:47-0200]: Please choose a world to open.
[2018-01-03T17:08:57-0200]: Please choose a world to open.
[2018-01-03T17:09:02-0200]: Please choose a world to open.
[2018-01-03T17:09:06-0200]: Please choose a world to open.
[2018-01-03T17:09:13-0200]: Please choose a world to open.
[2018-01-03T17:09:17-0200]: Please choose a world to open.
[2018-01-03T17:11:13-0200]: Please choose a world to open.
[2018-01-03T17:13:26-0200]: Please choose a world to open.
[2018-01-03T17:13:27-0200]: Please choose a world to open.
[2018-01-03T17:13:48-0200]: Please choose a world to open.
[2018-01-03T17:13:50-0200]: Please choose a world to open.
[2018-01-03T17:13:51-0200]: Please choose a world to open.
[2018-01-03T17:13:57-0200]: Please choose a world to open.
[2018-01-03T17:14:03-0200]: Please choose a world to open.
[2018-01-03T17:14:12-0200]: Please choose a world to open.
[2018-01-03T17:16:12-0200]: Please choose a world to open.
[2018-01-03T17:16:17-0200]: Please choose a world to open.
[2018-01-03T17:16:18-0200]: Please choose a world to open.
[2018-01-03T17:18:07-0200]: Please choose a world to open.
[2018-01-03T17:18:27-0200]: Please choose a world to open.
[2018-01-03T17:18:46-0200]: Please choose a world to open.
[2018-01-03T17:19:34-0200]: Please choose a world to open.
[2018-01-03T17:23:51-0200]: Please choose a world to open.
[2018-01-03T17:24:17-0200]: Please choose a world to open.
[2018-01-03T17:24:26-0200]: Please choose a world to open.
[2018-01-03T17:25:16-0200]: Please choose a world to open.
[2018-01-03T17:25:22-0200]: Please choose a world to open.
[2018-01-03T17:29:25-0200]: Please choose a world to open.
[2018-01-03T17:29:39-0200]: Please choose a world to open.
[2018-01-03T17:33:16-0200]: bla bla
[2018-01-03T17:33:23-0200]: bla bla
[2018-01-03T17:33:25-0200]: bla bla
[2018-01-03T17:38:03-0200]: World not found!
[2018-01-03T17:38:07-0200]: World not found!
[2018-01-03T17:39:07-0200]: penalt
[2018-01-03T17:39:18-0200]: World not found!
[2018-01-03T17:40:28-0200]: World not found!
[2018-01-03T17:40:35-0200]: World not found!
[2018-01-03T17:40:43-0200]: World not found!
[2018-01-03T17:40:46-0200]: World not found!
[2018-01-03T17:40:51-0200]: World not found!
[2018-01-03T17:41:56-0200]: Incorrect value for quiet option!
[2018-01-03T17:42:08-0200]: World not found!
[2018-01-03T17:42:29-0200]: World not found!
[2018-01-03T17:42:33-0200]: World not found!
[2018-01-03T17:42:50-0200]: World not found!
[2018-01-03T17:43:11-0200]: World not found!
[2018-01-03T17:43:34-0200]: World not found!
[2018-01-03T17:44:51-0200]: Incorrect value for quiet option!
[2018-01-03T17:44:54-0200]: World not found!
[2018-01-03T17:44:57-0200]: Incorrect value for quiet option!
[2018-01-03T17:46:23-0200]: World not found!
[2018-01-03T17:46:30-0200]: Incorrect value for quiet option!
[2018-01-03T17:46:41-0200]: Incorrect value for viewer option!
[2018-01-03T17:46:47-0200]: Invalid controller!
[2018-01-03T17:48:07-0200]: Invalid controller!
[2018-01-03T17:48:12-0200]: World not found!
[2018-01-03T17:48:22-0200]: World not found!
[2018-01-03T17:48:26-0200]: Incorrect value for quiet option!
[2018-01-03T17:53:51-0200]: World not found!
[2018-01-03T17:54:02-0200]: Incorrect value for quiet option!
[2018-01-03T17:54:13-0200]: Incorrect value for viewer option!
[2018-01-03T17:54:29-0200]: Invalid controller!
[2018-01-07T14:20:28-0200]: Please choose a world to open.
[2018-01-07T14:20:46-0200]: Incorrect value for quiet option: oi!
[2018-01-07T14:20:55-0200]: Incorrect value for viewer option: la!
[2018-01-07T14:21:05-0200]: Invalid controller: q!
[2018-01-07T14:21:11-0200]: World not found: 1o1!
